2022.03.16 09:16:35 INFO  tracing is disabled for protocol LSP, to enable tracing of incoming and outgoing JSON messages create an empty file at d:\Entretainments\Spark\.metals\lsp.trace.json or C:\Users\DELL\AppData\Local\scalameta\metals\cache\lsp.trace.json[0m
2022.03.16 09:16:36 INFO  logging to file D:\Entretainments\Spark\.metals\metals.log[0m
2022.03.16 09:16:36 INFO  Started: Metals version 0.11.2 in workspace 'D:\Entretainments\Spark' for client Visual Studio Code 1.65.2.[0m
2022.03.16 09:16:36 INFO  Parse release: 11.0.13[0m
2022.03.16 09:16:40 INFO  time: initialize in 3.69s[0m
2022.03.16 09:16:40 WARN  Build server is not auto-connectable.[0m
mars 16, 2022 9:18:50 AM org.eclipse.lsp4j.jsonrpc.services.GenericEndpoint notify
INFO: Unsupported notification method: $/setTrace
mars 16, 2022 9:27:48 AM org.eclipse.lsp4j.jsonrpc.services.GenericEndpoint notify
INFO: Unsupported notification method: $/setTrace
2022.03.16 09:29:36 INFO  shutting down Metals[0m
2022.03.16 09:29:36 ERROR Unexpected error initializing server
org.eclipse.lsp4j.jsonrpc.ResponseErrorException: Request window/showMessageRequest failed with message: Canceled
	at org.eclipse.lsp4j.jsonrpc.RemoteEndpoint.handleResponse(RemoteEndpoint.java:209)
	at org.eclipse.lsp4j.jsonrpc.RemoteEndpoint.consume(RemoteEndpoint.java:193)
	at org.eclipse.lsp4j.jsonrpc.json.StreamMessageProducer.handleMessage(StreamMessageProducer.java:194)
	at org.eclipse.lsp4j.jsonrpc.json.StreamMessageProducer.listen(StreamMessageProducer.java:94)
	at org.eclipse.lsp4j.jsonrpc.json.ConcurrentMessageProcessor.run(ConcurrentMessageProcessor.java:113)
	at java.util.concurrent.Executors$RunnableAdapter.call(Executors.java:515)
	at java.util.concurrent.FutureTask.run(FutureTask.java:264)
	at java.util.concurrent.ThreadPoolExecutor.runWorker(ThreadPoolExecutor.java:1128)
	at java.util.concurrent.ThreadPoolExecutor$Worker.run(ThreadPoolExecutor.java:628)
	at java.lang.Thread.run(Thread.java:834)
[0m
